0 info it worked if it ends with ok
1 verbose cli [ '/usr/local/bin/node', '/usr/local/bin/npm', 'install' ]
2 info using npm@3.8.6
3 info using node@v4.3.2
4 silly loadCurrentTree Starting
5 silly install loadCurrentTree
6 silly install readLocalPackageData
7 silly install normalizeTree
8 silly loadCurrentTree Finishing
9 silly loadIdealTree Starting
10 silly install loadIdealTree
11 silly cloneCurrentTree Starting
12 silly install cloneCurrentTreeToIdealTree
13 silly cloneCurrentTree Finishing
14 silly loadShrinkwrap Starting
15 silly install loadShrinkwrap
16 silly loadShrinkwrap Finishing
17 silly loadAllDepsIntoIdealTree Starting
18 silly install loadAllDepsIntoIdealTree
19 silly fetchNamedPackageData consolidate
20 silly mapToRegistry name consolidate
21 silly mapToRegistry using default registry
22 silly mapToRegistry registry https://registry.npmjs.org/
23 silly mapToRegistry data Result {
23 silly mapToRegistry   raw: 'consolidate',
23 silly mapToRegistry   scope: null,
23 silly mapToRegistry   name: 'consolidate',
23 silly mapToRegistry   rawSpec: '',
23 silly mapToRegistry   spec: 'latest',
23 silly mapToRegistry   type: 'tag' }
24 silly mapToRegistry uri https://registry.npmjs.org/consolidate
25 verbose request uri https://registry.npmjs.org/consolidate
26 verbose request no auth needed
27 info attempt registry request try #1 at 3:40:59 PM
28 verbose request id ca03801f3e8fa014
29 verbose etag W/"582dd23f-ac12"
30 verbose lastModified Thu, 17 Nov 2016 15:52:31 GMT
31 http request GET https://registry.npmjs.org/consolidate
32 http 304 https://registry.npmjs.org/consolidate
33 verbose headers { date: 'Mon, 12 Dec 2016 23:41:00 GMT',
33 verbose headers   via: '1.1 varnish',
33 verbose headers   'cache-control': 'max-age=300',
33 verbose headers   etag: 'W/"582dd23f-ac12"',
33 verbose headers   age: '224',
33 verbose headers   connection: 'keep-alive',
33 verbose headers   'x-served-by': 'cache-sjc3628-SJC',
33 verbose headers   'x-cache': 'HIT',
33 verbose headers   'x-cache-hits': '1',
33 verbose headers   'x-timer': 'S1481586060.368580,VS0,VE0',
33 verbose headers   vary: 'Accept-Encoding' }
34 silly get cb [ 304,
34 silly get   { date: 'Mon, 12 Dec 2016 23:41:00 GMT',
34 silly get     via: '1.1 varnish',
34 silly get     'cache-control': 'max-age=300',
34 silly get     etag: 'W/"582dd23f-ac12"',
34 silly get     age: '224',
34 silly get     connection: 'keep-alive',
34 silly get     'x-served-by': 'cache-sjc3628-SJC',
34 silly get     'x-cache': 'HIT',
34 silly get     'x-cache-hits': '1',
34 silly get     'x-timer': 'S1481586060.368580,VS0,VE0',
34 silly get     vary: 'Accept-Encoding' } ]
35 verbose etag https://registry.npmjs.org/consolidate from cache
36 verbose get saving consolidate to /Users/thomasdrach/.npm/registry.npmjs.org/consolidate/.cache.json
37 verbose correctMkdir /Users/thomasdrach/.npm correctMkdir not in flight; initializing
38 silly fetchPackageMetaData Error: No compatible version found: consolidate@0.10.1
38 silly fetchPackageMetaData Valid install targets:
38 silly fetchPackageMetaData 0.14.5, 0.14.4, 0.14.2, 0.14.1, 0.14.0, 0.13.1, 0.13.0, 0.12.1, 0.12.0, 0.11.0, 0.10.0, 0.9.1, 0.9.0, 0.8.0, 0.7.0, 0.6.0, 0.5.0, 0.4.0, 0.3.1, 0.3.0, 0.2.0, 0.1.0, 0.0.1
38 silly fetchPackageMetaData
38 silly fetchPackageMetaData     at pickVersionFromRegistryDocument (/usr/local/lib/node_modules/npm/lib/fetch-package-metadata.js:156:16)
38 silly fetchPackageMetaData     at /usr/local/lib/node_modules/npm/node_modules/iferr/index.js:13:50
38 silly fetchPackageMetaData     at /usr/local/lib/node_modules/npm/lib/utils/pulse-till-done.js:19:8
38 silly fetchPackageMetaData     at saved (/usr/local/lib/node_modules/npm/lib/cache/caching-client.js:168:7)
38 silly fetchPackageMetaData     at /usr/local/lib/node_modules/npm/node_modules/graceful-fs/polyfills.js:210:7
38 silly fetchPackageMetaData     at FSReqWrap.oncomplete (fs.js:82:15)
38 silly fetchPackageMetaData  error for consolidate@0.10.1 [Error: No compatible version found: consolidate@0.10.1
38 silly fetchPackageMetaData Valid install targets:
38 silly fetchPackageMetaData 0.14.5, 0.14.4, 0.14.2, 0.14.1, 0.14.0, 0.13.1, 0.13.0, 0.12.1, 0.12.0, 0.11.0, 0.10.0, 0.9.1, 0.9.0, 0.8.0, 0.7.0, 0.6.0, 0.5.0, 0.4.0, 0.3.1, 0.3.0, 0.2.0, 0.1.0, 0.0.1
38 silly fetchPackageMetaData ]
39 silly rollbackFailedOptional Starting
40 silly rollbackFailedOptional Finishing
41 silly runTopLevelLifecycles Starting
42 silly runTopLevelLifecycles Finishing
43 silly install printInstalled
44 verbose stack Error: No compatible version found: consolidate@0.10.1
44 verbose stack Valid install targets:
44 verbose stack 0.14.5, 0.14.4, 0.14.2, 0.14.1, 0.14.0, 0.13.1, 0.13.0, 0.12.1, 0.12.0, 0.11.0, 0.10.0, 0.9.1, 0.9.0, 0.8.0, 0.7.0, 0.6.0, 0.5.0, 0.4.0, 0.3.1, 0.3.0, 0.2.0, 0.1.0, 0.0.1
44 verbose stack
44 verbose stack     at pickVersionFromRegistryDocument (/usr/local/lib/node_modules/npm/lib/fetch-package-metadata.js:156:16)
44 verbose stack     at /usr/local/lib/node_modules/npm/node_modules/iferr/index.js:13:50
44 verbose stack     at /usr/local/lib/node_modules/npm/lib/utils/pulse-till-done.js:19:8
44 verbose stack     at saved (/usr/local/lib/node_modules/npm/lib/cache/caching-client.js:168:7)
44 verbose stack     at /usr/local/lib/node_modules/npm/node_modules/graceful-fs/polyfills.js:210:7
44 verbose stack     at FSReqWrap.oncomplete (fs.js:82:15)
45 verbose cwd /Users/thomasdrach/Documents/Code/sciview
46 error Darwin 15.5.0
47 error argv "/usr/local/bin/node" "/usr/local/bin/npm" "install"
48 error node v4.3.2
49 error npm  v3.8.6
50 error No compatible version found: consolidate@0.10.1
50 error Valid install targets:
50 error 0.14.5, 0.14.4, 0.14.2, 0.14.1, 0.14.0, 0.13.1, 0.13.0, 0.12.1, 0.12.0, 0.11.0, 0.10.0, 0.9.1, 0.9.0, 0.8.0, 0.7.0, 0.6.0, 0.5.0, 0.4.0, 0.3.1, 0.3.0, 0.2.0, 0.1.0, 0.0.1
51 error If you need help, you may report this error at:
51 error     <https://github.com/npm/npm/issues>
52 verbose exit [ 1, true ]
